{"/home/michalis/Downloads/Coding_Factory/Javascript/node/products/index.js": {"path":"/home/michalis/Downloads/Coding_Factory/Javascript/node/products/index.js","statementMap":{"0":{"start":{"line":1,"column":16},"end":{"line":1,"column":34}},"1":{"start":{"line":2,"column":12},"end":{"line":2,"column":21}},"2":{"start":{"line":5,"column":18},"end":{"line":5,"column":47}},"3":{"start":{"line":6,"column":24},"end":{"line":6,"column":44}},"4":{"start":{"line":9,"column":13},"end":{"line":9,"column":28}},"5":{"start":{"line":11,"column":17},"end":{"line":11,"column":36}},"6":{"start":{"line":14,"column":0},"end":{"line":16,"column":3}},"7":{"start":{"line":18,"column":0},"end":{"line":18,"column":24}},"8":{"start":{"line":19,"column":0},"end":{"line":19,"column":46}},"9":{"start":{"line":22,"column":0},"end":{"line":22,"column":38}},"10":{"start":{"line":26,"column":0},"end":{"line":30,"column":9}},"11":{"start":{"line":28,"column":20},"end":{"line":28,"column":69}},"12":{"start":{"line":29,"column":21},"end":{"line":29,"column":65}},"13":{"start":{"line":31,"column":13},"end":{"line":31,"column":44}},"14":{"start":{"line":32,"column":20},"end":{"line":32,"column":59}},"15":{"start":{"line":33,"column":16},"end":{"line":33,"column":50}},"16":{"start":{"line":40,"column":0},"end":{"line":40,"column":28}},"17":{"start":{"line":43,"column":0},"end":{"line":43,"column":42}},"18":{"start":{"line":45,"column":0},"end":{"line":45,"column":33}},"19":{"start":{"line":47,"column":0},"end":{"line":49,"column":49}},"20":{"start":{"line":51,"column":0},"end":{"line":51,"column":21}}},"fnMap":{"0":{"name":"(anonymous_0)","decl":{"start":{"line":28,"column":12},"end":{"line":28,"column":13}},"loc":{"start":{"line":28,"column":18},"end":{"line":28,"column":70}},"line":28},"1":{"name":"(anonymous_1)","decl":{"start":{"line":29,"column":12},"end":{"line":29,"column":13}},"loc":{"start":{"line":29,"column":19},"end":{"line":29,"column":66}},"line":29}},"branchMap":{},"s":{"0":1,"1":1,"2":1,"3":1,"4":1,"5":1,"6":1,"7":1,"8":1,"9":1,"10":1,"11":1,"12":0,"13":1,"14":1,"15":1,"16":1,"17":1,"18":1,"19":1,"20":1},"f":{"0":1,"1":0},"b":{},"_coverageSchema":"1a1c01bbd47fc00a2c39e90264f33305004495a9","hash":"ae3c23be460a01711c281de0e1f0e653c18de587"}
,"/home/michalis/Downloads/Coding_Factory/Javascript/node/products/swagger.js": {"path":"/home/michalis/Downloads/Coding_Factory/Javascript/node/products/swagger.js","statementMap":{"0":{"start":{"line":1,"column":12},"end":{"line":1,"column":42}},"1":{"start":{"line":2,"column":13},"end":{"line":2,"column":43}},"2":{"start":{"line":3,"column":16},"end":{"line":3,"column":49}},"3":{"start":{"line":5,"column":0},"end":{"line":441,"column":1}}},"fnMap":{},"branchMap":{},"s":{"0":1,"1":1,"2":1,"3":1},"f":{},"b":{},"_coverageSchema":"1a1c01bbd47fc00a2c39e90264f33305004495a9","hash":"f407cf65860f1727ed8aa772759d5a4e4a1f712d"}
,"/home/michalis/Downloads/Coding_Factory/Javascript/node/products/controllers/product.controller.js": {"path":"/home/michalis/Downloads/Coding_Factory/Javascript/node/products/controllers/product.controller.js","statementMap":{"0":{"start":{"line":1,"column":16},"end":{"line":1,"column":50}},"1":{"start":{"line":3,"column":0},"end":{"line":11,"column":1}},"2":{"start":{"line":4,"column":4},"end":{"line":4,"column":38}},"3":{"start":{"line":5,"column":4},"end":{"line":10,"column":5}},"4":{"start":{"line":6,"column":23},"end":{"line":6,"column":45}},"5":{"start":{"line":7,"column":8},"end":{"line":7,"column":47}},"6":{"start":{"line":9,"column":8},"end":{"line":9,"column":45}},"7":{"start":{"line":13,"column":0},"end":{"line":23,"column":1}},"8":{"start":{"line":14,"column":15},"end":{"line":14,"column":28}},"9":{"start":{"line":15,"column":4},"end":{"line":15,"column":53}},"10":{"start":{"line":17,"column":4},"end":{"line":22,"column":5}},"11":{"start":{"line":18,"column":23},"end":{"line":18,"column":54}},"12":{"start":{"line":19,"column":8},"end":{"line":19,"column":47}},"13":{"start":{"line":21,"column":8},"end":{"line":21,"column":44}},"14":{"start":{"line":25,"column":0},"end":{"line":42,"column":1}},"15":{"start":{"line":26,"column":17},"end":{"line":26,"column":25}},"16":{"start":{"line":27,"column":4},"end":{"line":27,"column":39}},"17":{"start":{"line":29,"column":23},"end":{"line":34,"column":6}},"18":{"start":{"line":36,"column":4},"end":{"line":41,"column":5}},"19":{"start":{"line":37,"column":23},"end":{"line":37,"column":46}},"20":{"start":{"line":38,"column":8},"end":{"line":38,"column":47}},"21":{"start":{"line":40,"column":8},"end":{"line":40,"column":45}},"22":{"start":{"line":44,"column":0},"end":{"line":65,"column":1}},"23":{"start":{"line":45,"column":15},"end":{"line":45,"column":28}},"24":{"start":{"line":46,"column":17},"end":{"line":46,"column":25}},"25":{"start":{"line":47,"column":4},"end":{"line":47,"column":49}},"26":{"start":{"line":49,"column":26},"end":{"line":54,"column":5}},"27":{"start":{"line":56,"column":4},"end":{"line":64,"column":5}},"28":{"start":{"line":57,"column":23},"end":{"line":60,"column":9}},"29":{"start":{"line":61,"column":8},"end":{"line":61,"column":47}},"30":{"start":{"line":63,"column":8},"end":{"line":63,"column":45}},"31":{"start":{"line":67,"column":0},"end":{"line":77,"column":1}},"32":{"start":{"line":68,"column":15},"end":{"line":68,"column":28}},"33":{"start":{"line":69,"column":4},"end":{"line":69,"column":49}},"34":{"start":{"line":71,"column":4},"end":{"line":76,"column":5}},"35":{"start":{"line":72,"column":23},"end":{"line":72,"column":66}},"36":{"start":{"line":73,"column":8},"end":{"line":73,"column":47}},"37":{"start":{"line":75,"column":8},"end":{"line":75,"column":45}}},"fnMap":{"0":{"name":"(anonymous_0)","decl":{"start":{"line":3,"column":18},"end":{"line":3,"column":19}},"loc":{"start":{"line":3,"column":37},"end":{"line":11,"column":1}},"line":3},"1":{"name":"(anonymous_1)","decl":{"start":{"line":13,"column":18},"end":{"line":13,"column":19}},"loc":{"start":{"line":13,"column":37},"end":{"line":23,"column":1}},"line":13},"2":{"name":"(anonymous_2)","decl":{"start":{"line":25,"column":17},"end":{"line":25,"column":18}},"loc":{"start":{"line":25,"column":36},"end":{"line":42,"column":1}},"line":25},"3":{"name":"(anonymous_3)","decl":{"start":{"line":44,"column":17},"end":{"line":44,"column":18}},"loc":{"start":{"line":44,"column":36},"end":{"line":65,"column":1}},"line":44},"4":{"name":"(anonymous_4)","decl":{"start":{"line":67,"column":17},"end":{"line":67,"column":18}},"loc":{"start":{"line":67,"column":36},"end":{"line":77,"column":1}},"line":67}},"branchMap":{},"s":{"0":1,"1":1,"2":0,"3":0,"4":0,"5":0,"6":0,"7":1,"8":0,"9":0,"10":0,"11":0,"12":0,"13":0,"14":1,"15":0,"16":0,"17":0,"18":0,"19":0,"20":0,"21":0,"22":1,"23":0,"24":0,"25":0,"26":0,"27":0,"28":0,"29":0,"30":0,"31":1,"32":0,"33":0,"34":0,"35":0,"36":0,"37":0},"f":{"0":0,"1":0,"2":0,"3":0,"4":0},"b":{},"_coverageSchema":"1a1c01bbd47fc00a2c39e90264f33305004495a9","hash":"589925890f12229dbb418ca63e5d49fc4899dbaa"}
,"/home/michalis/Downloads/Coding_Factory/Javascript/node/products/controllers/user.controller.js": {"path":"/home/michalis/Downloads/Coding_Factory/Javascript/node/products/controllers/user.controller.js","statementMap":{"0":{"start":{"line":1,"column":13},"end":{"line":1,"column":44}},"1":{"start":{"line":4,"column":0},"end":{"line":16,"column":1}},"2":{"start":{"line":5,"column":4},"end":{"line":5,"column":34}},"3":{"start":{"line":7,"column":4},"end":{"line":14,"column":5}},"4":{"start":{"line":8,"column":23},"end":{"line":8,"column":40}},"5":{"start":{"line":11,"column":8},"end":{"line":11,"column":46}},"6":{"start":{"line":13,"column":8},"end":{"line":13,"column":44}},"7":{"start":{"line":18,"column":0},"end":{"line":30,"column":1}},"8":{"start":{"line":20,"column":21},"end":{"line":20,"column":40}},"9":{"start":{"line":21,"column":4},"end":{"line":21,"column":56}},"10":{"start":{"line":23,"column":4},"end":{"line":29,"column":5}},"11":{"start":{"line":25,"column":23},"end":{"line":25,"column":63}},"12":{"start":{"line":26,"column":8},"end":{"line":26,"column":47}},"13":{"start":{"line":28,"column":8},"end":{"line":28,"column":45}},"14":{"start":{"line":32,"column":0},"end":{"line":53,"column":1}},"15":{"start":{"line":33,"column":20},"end":{"line":43,"column":6}},"16":{"start":{"line":45,"column":4},"end":{"line":45,"column":64}},"17":{"start":{"line":47,"column":4},"end":{"line":52,"column":5}},"18":{"start":{"line":48,"column":23},"end":{"line":48,"column":43}},"19":{"start":{"line":49,"column":8},"end":{"line":49,"column":47}},"20":{"start":{"line":51,"column":8},"end":{"line":51,"column":45}},"21":{"start":{"line":55,"column":0},"end":{"line":81,"column":1}},"22":{"start":{"line":56,"column":21},"end":{"line":56,"column":40}},"23":{"start":{"line":57,"column":4},"end":{"line":57,"column":58}},"24":{"start":{"line":59,"column":23},"end":{"line":67,"column":5}},"25":{"start":{"line":69,"column":4},"end":{"line":80,"column":5}},"26":{"start":{"line":72,"column":23},"end":{"line":76,"column":9}},"27":{"start":{"line":77,"column":8},"end":{"line":77,"column":47}},"28":{"start":{"line":79,"column":8},"end":{"line":79,"column":45}},"29":{"start":{"line":83,"column":0},"end":{"line":94,"column":1}},"30":{"start":{"line":84,"column":21},"end":{"line":84,"column":40}},"31":{"start":{"line":86,"column":4},"end":{"line":86,"column":55}},"32":{"start":{"line":88,"column":4},"end":{"line":93,"column":5}},"33":{"start":{"line":89,"column":23},"end":{"line":89,"column":72}},"34":{"start":{"line":90,"column":8},"end":{"line":90,"column":47}},"35":{"start":{"line":92,"column":8},"end":{"line":92,"column":45}}},"fnMap":{"0":{"name":"(anonymous_0)","decl":{"start":{"line":4,"column":18},"end":{"line":4,"column":19}},"loc":{"start":{"line":4,"column":37},"end":{"line":16,"column":1}},"line":4},"1":{"name":"(anonymous_1)","decl":{"start":{"line":18,"column":18},"end":{"line":18,"column":19}},"loc":{"start":{"line":18,"column":37},"end":{"line":30,"column":1}},"line":18},"2":{"name":"(anonymous_2)","decl":{"start":{"line":32,"column":17},"end":{"line":32,"column":18}},"loc":{"start":{"line":32,"column":36},"end":{"line":53,"column":1}},"line":32},"3":{"name":"(anonymous_3)","decl":{"start":{"line":55,"column":17},"end":{"line":55,"column":18}},"loc":{"start":{"line":55,"column":36},"end":{"line":81,"column":1}},"line":55},"4":{"name":"(anonymous_4)","decl":{"start":{"line":83,"column":17},"end":{"line":83,"column":18}},"loc":{"start":{"line":83,"column":36},"end":{"line":94,"column":1}},"line":83}},"branchMap":{},"s":{"0":1,"1":1,"2":1,"3":1,"4":1,"5":1,"6":0,"7":1,"8":1,"9":1,"10":1,"11":1,"12":1,"13":0,"14":1,"15":2,"16":2,"17":2,"18":2,"19":1,"20":1,"21":1,"22":1,"23":1,"24":1,"25":1,"26":1,"27":1,"28":0,"29":1,"30":1,"31":1,"32":1,"33":1,"34":1,"35":0},"f":{"0":1,"1":1,"2":2,"3":1,"4":1},"b":{},"_coverageSchema":"1a1c01bbd47fc00a2c39e90264f33305004495a9","hash":"5a039e0caf2d6f48375b49711a794e19582cb27c"}
,"/home/michalis/Downloads/Coding_Factory/Javascript/node/products/controllers/user.product.controller.js": {"path":"/home/michalis/Downloads/Coding_Factory/Javascript/node/products/controllers/user.product.controller.js","statementMap":{"0":{"start":{"line":1,"column":13},"end":{"line":1,"column":44}},"1":{"start":{"line":3,"column":0},"end":{"line":12,"column":1}},"2":{"start":{"line":4,"column":4},"end":{"line":4,"column":45}},"3":{"start":{"line":6,"column":4},"end":{"line":11,"column":5}},"4":{"start":{"line":7,"column":23},"end":{"line":7,"column":77}},"5":{"start":{"line":8,"column":8},"end":{"line":8,"column":47}},"6":{"start":{"line":10,"column":8},"end":{"line":10,"column":44}},"7":{"start":{"line":14,"column":0},"end":{"line":24,"column":1}},"8":{"start":{"line":15,"column":21},"end":{"line":15,"column":40}},"9":{"start":{"line":16,"column":4},"end":{"line":16,"column":51}},"10":{"start":{"line":18,"column":4},"end":{"line":23,"column":5}},"11":{"start":{"line":19,"column":23},"end":{"line":19,"column":100}},"12":{"start":{"line":20,"column":8},"end":{"line":20,"column":47}},"13":{"start":{"line":22,"column":8},"end":{"line":22,"column":44}},"14":{"start":{"line":26,"column":0},"end":{"line":46,"column":1}},"15":{"start":{"line":27,"column":21},"end":{"line":27,"column":40}},"16":{"start":{"line":28,"column":21},"end":{"line":28,"column":38}},"17":{"start":{"line":30,"column":4},"end":{"line":30,"column":53}},"18":{"start":{"line":32,"column":4},"end":{"line":45,"column":5}},"19":{"start":{"line":33,"column":23},"end":{"line":40,"column":9}},"20":{"start":{"line":42,"column":8},"end":{"line":42,"column":47}},"21":{"start":{"line":44,"column":8},"end":{"line":44,"column":45}},"22":{"start":{"line":48,"column":0},"end":{"line":71,"column":1}},"23":{"start":{"line":49,"column":21},"end":{"line":49,"column":40}},"24":{"start":{"line":50,"column":23},"end":{"line":50,"column":36}},"25":{"start":{"line":51,"column":29},"end":{"line":51,"column":54}},"26":{"start":{"line":53,"column":4},"end":{"line":53,"column":62}},"27":{"start":{"line":55,"column":4},"end":{"line":70,"column":5}},"28":{"start":{"line":56,"column":23},"end":{"line":66,"column":9}},"29":{"start":{"line":67,"column":8},"end":{"line":67,"column":47}},"30":{"start":{"line":69,"column":8},"end":{"line":69,"column":45}},"31":{"start":{"line":73,"column":0},"end":{"line":94,"column":1}},"32":{"start":{"line":74,"column":21},"end":{"line":74,"column":40}},"33":{"start":{"line":75,"column":23},"end":{"line":75,"column":36}},"34":{"start":{"line":77,"column":4},"end":{"line":77,"column":53}},"35":{"start":{"line":79,"column":4},"end":{"line":93,"column":5}},"36":{"start":{"line":80,"column":23},"end":{"line":89,"column":9}},"37":{"start":{"line":90,"column":8},"end":{"line":90,"column":47}},"38":{"start":{"line":92,"column":8},"end":{"line":92,"column":45}},"39":{"start":{"line":96,"column":0},"end":{"line":132,"column":1}},"40":{"start":{"line":97,"column":4},"end":{"line":97,"column":61}},"41":{"start":{"line":99,"column":4},"end":{"line":131,"column":5}},"42":{"start":{"line":100,"column":23},"end":{"line":127,"column":10}},"43":{"start":{"line":128,"column":8},"end":{"line":128,"column":47}},"44":{"start":{"line":130,"column":8},"end":{"line":130,"column":45}},"45":{"start":{"line":134,"column":0},"end":{"line":166,"column":1}},"46":{"start":{"line":135,"column":4},"end":{"line":135,"column":65}},"47":{"start":{"line":137,"column":4},"end":{"line":165,"column":5}},"48":{"start":{"line":138,"column":23},"end":{"line":161,"column":10}},"49":{"start":{"line":162,"column":8},"end":{"line":162,"column":47}},"50":{"start":{"line":164,"column":8},"end":{"line":164,"column":45}},"51":{"start":{"line":168,"column":0},"end":{"line":207,"column":1}},"52":{"start":{"line":169,"column":21},"end":{"line":169,"column":40}},"53":{"start":{"line":171,"column":4},"end":{"line":171,"column":98}},"54":{"start":{"line":173,"column":4},"end":{"line":206,"column":5}},"55":{"start":{"line":174,"column":23},"end":{"line":202,"column":10}},"56":{"start":{"line":203,"column":8},"end":{"line":203,"column":47}},"57":{"start":{"line":205,"column":8},"end":{"line":205,"column":45}}},"fnMap":{"0":{"name":"(anonymous_0)","decl":{"start":{"line":3,"column":28},"end":{"line":3,"column":29}},"loc":{"start":{"line":3,"column":47},"end":{"line":12,"column":1}},"line":3},"1":{"name":"(anonymous_1)","decl":{"start":{"line":14,"column":27},"end":{"line":14,"column":28}},"loc":{"start":{"line":14,"column":46},"end":{"line":24,"column":1}},"line":14},"2":{"name":"(anonymous_2)","decl":{"start":{"line":26,"column":28},"end":{"line":26,"column":29}},"loc":{"start":{"line":26,"column":47},"end":{"line":46,"column":1}},"line":26},"3":{"name":"(anonymous_3)","decl":{"start":{"line":48,"column":28},"end":{"line":48,"column":29}},"loc":{"start":{"line":48,"column":47},"end":{"line":71,"column":1}},"line":48},"4":{"name":"(anonymous_4)","decl":{"start":{"line":73,"column":28},"end":{"line":73,"column":29}},"loc":{"start":{"line":73,"column":47},"end":{"line":94,"column":1}},"line":73},"5":{"name":"(anonymous_5)","decl":{"start":{"line":96,"column":17},"end":{"line":96,"column":18}},"loc":{"start":{"line":96,"column":36},"end":{"line":132,"column":1}},"line":96},"6":{"name":"(anonymous_6)","decl":{"start":{"line":134,"column":17},"end":{"line":134,"column":18}},"loc":{"start":{"line":134,"column":36},"end":{"line":166,"column":1}},"line":134},"7":{"name":"(anonymous_7)","decl":{"start":{"line":168,"column":21},"end":{"line":168,"column":22}},"loc":{"start":{"line":168,"column":40},"end":{"line":207,"column":1}},"line":168}},"branchMap":{},"s":{"0":1,"1":1,"2":0,"3":0,"4":0,"5":0,"6":0,"7":1,"8":0,"9":0,"10":0,"11":0,"12":0,"13":0,"14":1,"15":0,"16":0,"17":0,"18":0,"19":0,"20":0,"21":0,"22":1,"23":0,"24":0,"25":0,"26":0,"27":0,"28":0,"29":0,"30":0,"31":1,"32":0,"33":0,"34":0,"35":0,"36":0,"37":0,"38":0,"39":1,"40":0,"41":0,"42":0,"43":0,"44":0,"45":1,"46":0,"47":0,"48":0,"49":0,"50":0,"51":1,"52":0,"53":0,"54":0,"55":0,"56":0,"57":0},"f":{"0":0,"1":0,"2":0,"3":0,"4":0,"5":0,"6":0,"7":0},"b":{},"_coverageSchema":"1a1c01bbd47fc00a2c39e90264f33305004495a9","hash":"0b7c75020706a4d42a4eed8c50e413272646aa2c"}
,"/home/michalis/Downloads/Coding_Factory/Javascript/node/products/models/product.model.js": {"path":"/home/michalis/Downloads/Coding_Factory/Javascript/node/products/models/product.model.js","statementMap":{"0":{"start":{"line":1,"column":17},"end":{"line":1,"column":36}},"1":{"start":{"line":2,"column":24},"end":{"line":2,"column":60}},"2":{"start":{"line":4,"column":15},"end":{"line":4,"column":30}},"3":{"start":{"line":6,"column":20},"end":{"line":31,"column":2}},"4":{"start":{"line":33,"column":0},"end":{"line":33,"column":38}},"5":{"start":{"line":35,"column":0},"end":{"line":35,"column":58}}},"fnMap":{},"branchMap":{},"s":{"0":1,"1":1,"2":1,"3":1,"4":1,"5":1},"f":{},"b":{},"_coverageSchema":"1a1c01bbd47fc00a2c39e90264f33305004495a9","hash":"03032167c20a18eda4b468bed260a606ad032552"}
,"/home/michalis/Downloads/Coding_Factory/Javascript/node/products/models/user.model.js": {"path":"/home/michalis/Downloads/Coding_Factory/Javascript/node/products/models/user.model.js","statementMap":{"0":{"start":{"line":1,"column":17},"end":{"line":1,"column":36}},"1":{"start":{"line":3,"column":15},"end":{"line":3,"column":30}},"2":{"start":{"line":4,"column":24},"end":{"line":4,"column":60}},"3":{"start":{"line":6,"column":20},"end":{"line":13,"column":6}},"4":{"start":{"line":15,"column":18},"end":{"line":18,"column":16}},"5":{"start":{"line":21,"column":20},"end":{"line":26,"column":2}},"6":{"start":{"line":28,"column":17},"end":{"line":72,"column":2}},"7":{"start":{"line":76,"column":0},"end":{"line":76,"column":35}},"8":{"start":{"line":80,"column":0},"end":{"line":80,"column":52}}},"fnMap":{},"branchMap":{},"s":{"0":1,"1":1,"2":1,"3":1,"4":1,"5":1,"6":1,"7":1,"8":1},"f":{},"b":{},"_coverageSchema":"1a1c01bbd47fc00a2c39e90264f33305004495a9","hash":"b7ed42df29c1749872c652c736ace89e825da30d"}
,"/home/michalis/Downloads/Coding_Factory/Javascript/node/products/routes/product.routes.js": {"path":"/home/michalis/Downloads/Coding_Factory/Javascript/node/products/routes/product.routes.js","statementMap":{"0":{"start":{"line":1,"column":16},"end":{"line":1,"column":34}},"1":{"start":{"line":2,"column":15},"end":{"line":2,"column":31}},"2":{"start":{"line":4,"column":26},"end":{"line":4,"column":70}},"3":{"start":{"line":6,"column":0},"end":{"line":6,"column":43}},"4":{"start":{"line":7,"column":0},"end":{"line":7,"column":46}},"5":{"start":{"line":8,"column":0},"end":{"line":8,"column":43}},"6":{"start":{"line":9,"column":0},"end":{"line":9,"column":47}},"7":{"start":{"line":10,"column":0},"end":{"line":10,"column":48}},"8":{"start":{"line":12,"column":0},"end":{"line":12,"column":24}}},"fnMap":{},"branchMap":{},"s":{"0":1,"1":1,"2":1,"3":1,"4":1,"5":1,"6":1,"7":1,"8":1},"f":{},"b":{},"_coverageSchema":"1a1c01bbd47fc00a2c39e90264f33305004495a9","hash":"35c94649b8f93c21d26dbb456d55ebe337a60b6e"}
,"/home/michalis/Downloads/Coding_Factory/Javascript/node/products/routes/user.product.routes.js": {"path":"/home/michalis/Downloads/Coding_Factory/Javascript/node/products/routes/user.product.routes.js","statementMap":{"0":{"start":{"line":1,"column":16},"end":{"line":1,"column":34}},"1":{"start":{"line":2,"column":15},"end":{"line":2,"column":31}},"2":{"start":{"line":4,"column":30},"end":{"line":4,"column":79}},"3":{"start":{"line":6,"column":0},"end":{"line":6,"column":71}},"4":{"start":{"line":7,"column":0},"end":{"line":7,"column":74}},"5":{"start":{"line":8,"column":0},"end":{"line":8,"column":76}},"6":{"start":{"line":9,"column":0},"end":{"line":9,"column":81}},"7":{"start":{"line":10,"column":0},"end":{"line":10,"column":82}},"8":{"start":{"line":12,"column":0},"end":{"line":12,"column":52}},"9":{"start":{"line":13,"column":0},"end":{"line":13,"column":52}},"10":{"start":{"line":14,"column":0},"end":{"line":14,"column":66}},"11":{"start":{"line":15,"column":0},"end":{"line":15,"column":24}}},"fnMap":{},"branchMap":{},"s":{"0":1,"1":1,"2":1,"3":1,"4":1,"5":1,"6":1,"7":1,"8":1,"9":1,"10":1,"11":1},"f":{},"b":{},"_coverageSchema":"1a1c01bbd47fc00a2c39e90264f33305004495a9","hash":"684c67dbf8360c984f5bcb73312d271010bc094e"}
,"/home/michalis/Downloads/Coding_Factory/Javascript/node/products/routes/user.routes.js": {"path":"/home/michalis/Downloads/Coding_Factory/Javascript/node/products/routes/user.routes.js","statementMap":{"0":{"start":{"line":1,"column":16},"end":{"line":1,"column":34}},"1":{"start":{"line":2,"column":15},"end":{"line":2,"column":31}},"2":{"start":{"line":4,"column":23},"end":{"line":4,"column":64}},"3":{"start":{"line":7,"column":0},"end":{"line":7,"column":40}},"4":{"start":{"line":10,"column":0},"end":{"line":10,"column":49}},"5":{"start":{"line":13,"column":0},"end":{"line":13,"column":40}},"6":{"start":{"line":16,"column":0},"end":{"line":16,"column":50}},"7":{"start":{"line":19,"column":0},"end":{"line":19,"column":51}},"8":{"start":{"line":21,"column":0},"end":{"line":21,"column":24}}},"fnMap":{},"branchMap":{},"s":{"0":1,"1":1,"2":1,"3":1,"4":1,"5":1,"6":1,"7":1,"8":1},"f":{},"b":{},"_coverageSchema":"1a1c01bbd47fc00a2c39e90264f33305004495a9","hash":"c0609a8922a57a36ed016d8102844c9e9824f473"}
,"/home/michalis/Downloads/Coding_Factory/Javascript/node/products/services/user.service.js": {"path":"/home/michalis/Downloads/Coding_Factory/Javascript/node/products/services/user.service.js","statementMap":{"0":{"start":{"line":1,"column":13},"end":{"line":1,"column":44}},"1":{"start":{"line":4,"column":4},"end":{"line":4,"column":43}},"2":{"start":{"line":6,"column":4},"end":{"line":12,"column":5}},"3":{"start":{"line":7,"column":23},"end":{"line":7,"column":67}},"4":{"start":{"line":9,"column":8},"end":{"line":9,"column":25}},"5":{"start":{"line":11,"column":8},"end":{"line":11,"column":61}},"6":{"start":{"line":15,"column":0},"end":{"line":15,"column":41}}},"fnMap":{"0":{"name":"findLastInsertedUser","decl":{"start":{"line":3,"column":15},"end":{"line":3,"column":35}},"loc":{"start":{"line":3,"column":38},"end":{"line":13,"column":1}},"line":3}},"branchMap":{},"s":{"0":1,"1":3,"2":3,"3":3,"4":3,"5":0,"6":1},"f":{"0":3},"b":{},"_coverageSchema":"1a1c01bbd47fc00a2c39e90264f33305004495a9","hash":"ca26c896581b811ed00871ae88f69aef298900fb"}
}
